<html>
<body>
<pre>
<h1>µVision Build Log</h1>
<h2>Tool Versions:</h2>
IDE-Version: ¦ÌVision V5.28.0.0
Copyright (C) 2019 ARM Ltd and ARM Germany GmbH. All rights reserved.
License Information: 1 1, 1, LIC=HN0AE-5PEQT-ARRXW-Q3UUW-2GW9D-9A7KY
 
Tool Versions:
Toolchain:       MDK-ARM Plus  Version: 5.28.0.0
Toolchain Path:  C:\Keil_v5\ARM\ARMCC\Bin
C Compiler:      Armcc.exe V5.06 update 6 (build 750)
Assembler:       Armasm.exe V5.06 update 6 (build 750)
Linker/Locator:  ArmLink.exe V5.06 update 6 (build 750)
Library Manager: ArmAr.exe V5.06 update 6 (build 750)
Hex Converter:   FromElf.exe V5.06 update 6 (build 750)
CPU DLL:         SARMCM3.DLL V5.28.0.0
Dialog DLL:      DCM.DLL V1.17.3.0
Target DLL:      STLink\ST-LINKIII-KEIL_SWO.dll V3.0.6.0
Dialog DLL:      TCM.DLL V1.36.2.0
 
<h2>Project:</h2>
D:\1File\STM32project\Example\USART\F401_OLED_USART_NVIC_DMA\MDK-ARM\F401_OLED_USAR.uvprojx
Project File Date:  04/07/2025

<h2>Output:</h2>
*** Using Compiler 'V5.06 update 6 (build 750)', folder: 'C:\Keil_v5\ARM\ARMCC\Bin'
Rebuild target 'F401_OLED_USAR'
assembling startup_stm32f401xc.s...
compiling gpio.c...
compiling main.c...
../User/user_usart.h(29): error:  #147-D: declaration is incompatible with "void HAL_UARTEx_RxEventCallback(UART_HandleTypeDef *, uint16_t)"  (declared at line 780 of "../Drivers/STM32F4xx_HAL_Driver/Inc/stm32f4xx_hal_uart.h")
  void HAL_UARTEx_RxEventCallback(UART_HandleTypeDef *huart);
../Core/Src/main.c(111): error:  #20: identifier "pData" is undefined
    User_USART_Start_DMA_Receive(&huart1, *pData);
../Core/Src/main.c(111): error:  #165: too few arguments in function call
    User_USART_Start_DMA_Receive(&huart1, *pData);
../Core/Src/main.c: 0 warnings, 3 errors
compiling stm32f4xx_hal_i2c_ex.c...
compiling usart.c...
compiling stm32f4xx_hal_msp.c...
compiling dma.c...
compiling i2c.c...
compiling stm32f4xx_it.c...
compiling stm32f4xx_hal_flash.c...
compiling stm32f4xx_hal_rcc_ex.c...
compiling stm32f4xx_hal_rcc.c...
compiling stm32f4xx_hal_i2c.c...
compiling stm32f4xx_hal_flash_ex.c...
compiling stm32f4xx_hal_gpio.c...
compiling stm32f4xx_hal_flash_ramfunc.c...
compiling stm32f4xx_hal_pwr_ex.c...
compiling stm32f4xx_hal_pwr.c...
compiling stm32f4xx_hal_dma.c...
compiling stm32f4xx_hal_tim.c...
compiling stm32f4xx_hal_cortex.c...
compiling stm32f4xx_hal.c...
compiling stm32f4xx_hal_exti.c...
compiling stm32f4xx_hal_dma_ex.c...
compiling oledfont.c...
compiling stm32f4xx_hal_tim_ex.c...
compiling stm32f4xx_hal_uart.c...
compiling system_stm32f4xx.c...
compiling user_usart.c...
..\User\user_usart.h(29): error:  #147-D: declaration is incompatible with "void HAL_UARTEx_RxEventCallback(UART_HandleTypeDef *, uint16_t)"  (declared at line 780 of "../Drivers/STM32F4xx_HAL_Driver/Inc/stm32f4xx_hal_uart.h")
  void HAL_UARTEx_RxEventCallback(UART_HandleTypeDef *huart);
..\User\user_usart.c(30): error:  #147-D: declaration is incompatible with "void User_USART_Start_DMA_Receive(UART_HandleTypeDef *, uint8_t *, uint16_t)"  (declared at line 32 of "..\User\user_usart.h")
  void User_USART_Start_DMA_Receive(UART_HandleTypeDef *huart, uint8_t *pData)
..\User\user_usart.c(70): error:  #147-D: declaration is incompatible with "void HAL_UARTEx_RxEventCallback(UART_HandleTypeDef *)"  (declared at line 780 of "../Drivers/STM32F4xx_HAL_Driver/Inc/stm32f4xx_hal_uart.h")
  void HAL_UARTEx_RxEventCallback(UART_HandleTypeDef *huart, uint16_t Size)
..\User\user_usart.c: 0 warnings, 3 errors
compiling oled.c...
"F401_OLED_USAR\F401_OLED_USAR.axf" - 6 Error(s), 0 Warning(s).

<h2>Software Packages used:</h2>

Package Vendor: ARM
                http://www.keil.com/pack/ARM.CMSIS.5.5.1.pack
                ARM.CMSIS.5.5.1
                CMSIS (Cortex Microcontroller Software Interface Standard)
   * Component: CORE Version: 5.2.0

Package Vendor: Keil
                https://www.keil.com/pack/Keil.STM32F4xx_DFP.2.17.1.pack
                Keil.STM32F4xx_DFP.2.17.1
                STMicroelectronics STM32F4 Series Device Support, Drivers and Examples

<h2>Collection of Component include folders:</h2>
  .\RTE\_F401_OLED_USAR
  C:\Users\87445\AppData\Local\Arm\Packs\ARM\CMSIS\5.5.1\CMSIS\Core\Include
  C:\Users\87445\AppData\Local\Arm\Packs\Keil\STM32F4xx_DFP\2.17.1\Drivers\CMSIS\Device\ST\STM32F4xx\Include

<h2>Collection of Component Files used:</h2>

   * Component: ARM::CMSIS:CORE:5.2.0
Target not created.
Build Time Elapsed:  00:00:06
</pre>
</body>
</html>
